./0/U04_p139_mapa_conceptual_1_planificacio_i_diversitat/config/js/jquery.control.js
./0/U05_p179_mapa_conceptual_4_El_catala_als_mitjans/config/js/jquery.control.js
./0/U07_p284_mapa_conceptual_5_Els_textos_poetics/config/js/jquery.control.js
./0/U05_p_183_mapa_conceptual_8_Inmigracio_i_llengua/config/js/jquery.control.js
./0/U05_p181_mapa_conceptual_5_El_catala_al_mon_empresarial/config/js/jquery.control.js
./0/U01_p11_mapa_conceptual_1_Del_llati_al_catala/config/js/jquery.control.js
./0/U01_p27_mapa_conceptual_7_El_segle_XIX_i_la_recuperacio/config/js/jquery.control.js
./0/U02_p78_mapa_conceptual_2_Les_varietats_funcionals/config/js/jquery.control.js
./0/U01_p51_mapa_conceptual_11_Estudi_del_discurs/config/js/jquery.control.js
./0/U05_p183_mapa_conceptual_9_Llengua_signes_catalana/config/js/jquery.control.js
./0/U04_p160_mapa_conceptual_3_Textos_de_lambit_juridic/config/js/jquery.control.js
./0/U01_p24_mapa_conceptual_6_El_segle_XVIII_i_els_Decrets/config/js/jquery.control.js
./0/U08_p305_mapa_conceptual_1b_La_literatura_dels_anys_60/config/js/jquery.control.js
./0/U07_p263_mapa_conceptual_3_La_literatura_dels_anys_20_i_30/config/js/jquery.control.js
./0/U03_p129_mapa_conceptual_3_textos_orals_no_espontanis/config/js/jquery.control.js
./0/U08_p330_mapa_conceptual_2_Denotacio_i_connotacio/config/js/jquery.control.js
./0/U01_p20_mapa_conceptual_4_Lesplendor_de_la_llengua/config/js/jquery.control.js
./0/U05_p182_mapa_conceptual_7_El_catala_llengua_digital/config/js/jquery.control.js
./0/U06_p248_mapa_conceptual_3_Textos_expositius/config/js/jquery.control.js
./0/U01_p32_mapa_conceptual_8_El_primer_terc/config/js/jquery.control.js
./0/U05_p190_mapa_conceptual_10_ladverbi/config/js/jquery.control.js
./0/U09_p345_mapa_conceptual_1_Literatura_catalana_actual/config/js/jquery.control.js
./0/U03_p107_mapa_conceptual_1_Els_fenomens_de_contacte/config/js/jquery.control.js
./0/U05_p177_mapa_conceptual_3_El_catala_a_la_cultura/config/js/jquery.control.js
./0/U04_p156_mapa_conceptual_2_la_cohesio/config/js/jquery.control.js
./0/U02_p93_mapa_conceptual_4_textos_orals_no_espontanis/config/js/jquery.control.js
./0/U05_p173_mapa_conceptual_1_la_situacio_actual/config/js/jquery.control.js
./0/U06_p207_mapa_conceptual_1_El_Modernisme/config/js/jquery.control.js
./0/U01_p14_mapa_conceptual_2_Del_catala_parlat_al_catala_escrit/config/js/jquery.control.js
./0/U07_p257_mapa_conceptual_1_Els_anys_20_i_30_Les_avantguardes/config/js/jquery.control.js
./0/U01_p22_mapa_conceptual_5_Els_segles_XVI_i_XVII/config/js/jquery.control.js
./0/U02_p90_mapa_conceptual_3_ladequacio/config/js/jquery.control.js
./0/U01_p38_mapa_conceptual_9_La_llengua_catalana_sota/config/js/jquery.control.js
./0/U01_p16_mapa_conceptual_3_Lexpansio_i_la_consolidacio_de_la_llengua/config/js/jquery.control.js
./0/U05_p181_mapa_conceptual_6_El_catala_a_ladministracio/config/js/jquery.control.js
./0/U08_p299_mapa_conceptual_1a_L_experiencia_de_la_guerra_i_l_exili/config/js/jquery.control.js
./0/U06_p219_mapa_conceptual_2_El_Noucentisme/config/js/jquery.control.js
./0/U09_p379_mapa_conceptual_2_Noves_formes_de_comunicacio/config/js/jquery.control.js
./0/U05_p194_mapa_conceptual_11_Textos_argumentatius/config/js/jquery.control.js
./0/U02_p65_mapa_conceptual_1_Les_varietats_dialectals/config/js/jquery.control.js
./0/U01_p56_mapa_conceptual_12_Els_textos_cientifics/config/js/jquery.control.js
./0/U07_p280_mapa_conceptual_4_La_formacio_del_lexic/config/js/jquery.control.js
./0/U01_p41_mapa_conceptual_10_Ladveniment_de_la_democracia/config/js/jquery.control.js
./0/U07_p259_mapa_conceptual_2_L_Escola_Mallorquina/config/js/jquery.control.js
./0/U05_p176_mapa_conceptual_2_El_catala_al_sistema_educatiu/config/js/jquery.control.js
./0/U04_p165_mapa_conceptual_4_la_polifonia/config/js/jquery.control.js
./0/U08_p335_mapa_conceptual_3_Els_textos_teatrals_i_narratius/config/js/jquery.control.js
./0/U04_p139_mapa_conceptual_1_planificacio_i_diversitat/config/js/jquery.control.js
./0/U01_p14_mapa_conceptual_2_Del_català_parlat_al_català_escrit/config/js/jquery.control.js
./0/U05_p179_mapa_conceptual_4_El_catala_als_mitjans/config/js/jquery.control.js
./0/U07_p284_mapa_conceptual_5_Els_textos_poetics/config/js/jquery.control.js
./0/U05_p_183_mapa_conceptual_8_Inmigracio_i_llengua/config/js/jquery.control.js
./0/U05_p181_mapa_conceptual_5_El_catala_al_mon_empresarial/config/js/jquery.control.js
./0/U01_p27_mapa_conceptual_7_El_segle_XIX_i_la_recuperacio/config/js/jquery.control.js
./0/U02_p78_mapa_conceptual_2_Les_varietats_funcionals/config/js/jquery.control.js
./0/U01_p51_mapa_conceptual_11_Estudi_del_discurs/config/js/jquery.control.js
./0/U05_p183_mapa_conceptual_9_Llengua_signes_catalana/config/js/jquery.control.js
./0/U04_p160_mapa_conceptual_3_Textos_de_lambit_juridic/config/js/jquery.control.js
./0/U01_p24_mapa_conceptual_6_El_segle_XVIII_i_els_Decrets/config/js/jquery.control.js
./0/U08_p305_mapa_conceptual_1b_La_literatura_dels_anys_60/config/js/jquery.control.js
./0/U07_p263_mapa_conceptual_3_La_literatura_dels_anys_20_i_30/config/js/jquery.control.js
./0/U03_p129_mapa_conceptual_3_textos_orals_no_espontanis/config/js/jquery.control.js
./0/U08_p330_mapa_conceptual_2_Denotacio_i_connotacio/config/js/jquery.control.js
./0/U01_p20_mapa_conceptual_4_Lesplendor_de_la_llengua/config/js/jquery.control.js
./0/U05_p182_mapa_conceptual_7_El_catala_llengua_digital/config/js/jquery.control.js
./0/U06_p248_mapa_conceptual_3_Textos_expositius/config/js/jquery.control.js
./0/U01_p32_mapa_conceptual_8_El_primer_terc/config/js/jquery.control.js
./0/U05_p190_mapa_conceptual_10_ladverbi/config/js/jquery.control.js
./0/U09_p345_mapa_conceptual_1_Literatura_catalana_actual/config/js/jquery.control.js
./0/U03_p107_mapa_conceptual_1_Els_fenomens_de_contacte/config/js/jquery.control.js
./0/U05_p177_mapa_conceptual_3_El_catala_a_la_cultura/config/js/jquery.control.js
./0/U04_p156_mapa_conceptual_2_la_cohesio/config/js/jquery.control.js
./0/U02_p93_mapa_conceptual_4_textos_orals_no_espontanis/config/js/jquery.control.js
./0/U05_p173_mapa_conceptual_1_la_situacio_actual/config/js/jquery.control.js
./0/U06_p207_mapa_conceptual_1_El_Modernisme/config/js/jquery.control.js
./0/U07_p257_mapa_conceptual_1_Els_anys_20_i_30_Les_avantguardes/config/js/jquery.control.js
./0/U01_p22_mapa_conceptual_5_Els_segles_XVI_i_XVII/config/js/jquery.control.js
./0/U02_p90_mapa_conceptual_3_ladequacio/config/js/jquery.control.js
./0/U01_p38_mapa_conceptual_9_La_llengua_catalana_sota/config/js/jquery.control.js
./0/U01_p16_mapa_conceptual_3_Lexpansio_i_la_consolidacio_de_la_llengua/config/js/jquery.control.js
./0/U05_p181_mapa_conceptual_6_El_catala_a_ladministracio/config/js/jquery.control.js
./0/U08_p299_mapa_conceptual_1a_L_experiencia_de_la_guerra_i_l_exili/config/js/jquery.control.js
./0/U06_p219_mapa_conceptual_2_El_Noucentisme/config/js/jquery.control.js
./0/U09_p379_mapa_conceptual_2_Noves_formes_de_comunicacio/config/js/jquery.control.js
./0/U01_p11_mapa_conceptual_1_Del_llatí_al_català/config/js/jquery.control.js
./0/U05_p194_mapa_conceptual_11_Textos_argumentatius/config/js/jquery.control.js
./0/U02_p65_mapa_conceptual_1_Les_varietats_dialectals/config/js/jquery.control.js
./0/U01_p56_mapa_conceptual_12_Els_textos_cientifics/config/js/jquery.control.js
./0/U07_p280_mapa_conceptual_4_La_formacio_del_lexic/config/js/jquery.control.js
./0/U01_p41_mapa_conceptual_10_Ladveniment_de_la_democracia/config/js/jquery.control.js
./0/U07_p259_mapa_conceptual_2_L_Escola_Mallorquina/config/js/jquery.control.js
./0/U05_p176_mapa_conceptual_2_El_catala_al_sistema_educatiu/config/js/jquery.control.js
./0/U04_p165_mapa_conceptual_4_la_polifonia/config/js/jquery.control.js
./0/U08_p335_mapa_conceptual_3_Els_textos_teatrals_i_narratius/config/js/jquery.control.js
